{"/Users/rotcax/Development/ether-wallet/App.js": {"path":"/Users/rotcax/Development/ether-wallet/App.js","statementMap":{"0":{"start":{"line":5,"column":2},"end":{"line":7,"column":4}}},"fnMap":{"0":{"name":"App","decl":{"start":{"line":4,"column":24},"end":{"line":4,"column":27}},"loc":{"start":{"line":4,"column":30},"end":{"line":8,"column":1}},"line":4}},"branchMap":{},"s":{"0":0},"f":{"0":0},"b":{}}
,"/Users/rotcax/Development/ether-wallet/src/Main.js": {"path":"/Users/rotcax/Development/ether-wallet/src/Main.js","statementMap":{"0":{"start":{"line":8,"column":25},"end":{"line":12,"column":1}},"1":{"start":{"line":14,"column":13},"end":{"line":21,"column":1}},"2":{"start":{"line":15,"column":2},"end":{"line":20,"column":13}},"3":{"start":{"line":23,"column":15},"end":{"line":30,"column":2}}},"fnMap":{"0":{"name":"(anonymous_0)","decl":{"start":{"line":14,"column":13},"end":{"line":14,"column":14}},"loc":{"start":{"line":15,"column":2},"end":{"line":20,"column":13}},"line":15}},"branchMap":{},"s":{"0":0,"1":0,"2":0,"3":0},"f":{"0":0},"b":{}}
,"/Users/rotcax/Development/ether-wallet/src/Root.js": {"path":"/Users/rotcax/Development/ether-wallet/src/Root.js","statementMap":{"0":{"start":{"line":8,"column":14},"end":{"line":8,"column":36}},"1":{"start":{"line":10,"column":13},"end":{"line":43,"column":1}},"2":{"start":{"line":11,"column":2},"end":{"line":42,"column":24}},"3":{"start":{"line":23,"column":12},"end":{"line":28,"column":14}},"4":{"start":{"line":27,"column":29},"end":{"line":27,"column":69}},"5":{"start":{"line":31,"column":12},"end":{"line":37,"column":14}},"6":{"start":{"line":36,"column":29},"end":{"line":36,"column":64}}},"fnMap":{"0":{"name":"(anonymous_0)","decl":{"start":{"line":10,"column":13},"end":{"line":10,"column":14}},"loc":{"start":{"line":11,"column":2},"end":{"line":42,"column":24}},"line":11},"1":{"name":"(anonymous_1)","decl":{"start":{"line":22,"column":22},"end":{"line":22,"column":23}},"loc":{"start":{"line":23,"column":12},"end":{"line":28,"column":14}},"line":23},"2":{"name":"(anonymous_2)","decl":{"start":{"line":27,"column":23},"end":{"line":27,"column":24}},"loc":{"start":{"line":27,"column":29},"end":{"line":27,"column":69}},"line":27},"3":{"name":"(anonymous_3)","decl":{"start":{"line":30,"column":23},"end":{"line":30,"column":24}},"loc":{"start":{"line":31,"column":12},"end":{"line":37,"column":14}},"line":31},"4":{"name":"(anonymous_4)","decl":{"start":{"line":36,"column":23},"end":{"line":36,"column":24}},"loc":{"start":{"line":36,"column":29},"end":{"line":36,"column":64}},"line":36}},"branchMap":{},"s":{"0":0,"1":0,"2":0,"3":0,"4":0,"5":0,"6":0},"f":{"0":0,"1":0,"2":0,"3":0,"4":0},"b":{}}
,"/Users/rotcax/Development/ether-wallet/src/common/actions/general.js": {"path":"/Users/rotcax/Development/ether-wallet/src/common/actions/general.js","statementMap":{"0":{"start":{"line":5,"column":22},"end":{"line":18,"column":1}},"1":{"start":{"line":6,"column":2},"end":{"line":15,"column":3}},"2":{"start":{"line":8,"column":6},"end":{"line":8,"column":39}},"3":{"start":{"line":9,"column":4},"end":{"line":9,"column":10}},"4":{"start":{"line":13,"column":6},"end":{"line":13,"column":40}},"5":{"start":{"line":14,"column":4},"end":{"line":14,"column":10}},"6":{"start":{"line":17,"column":2},"end":{"line":17,"column":35}},"7":{"start":{"line":20,"column":28},"end":{"line":23,"column":1}},"8":{"start":{"line":21,"column":2},"end":{"line":21,"column":23}},"9":{"start":{"line":22,"column":2},"end":{"line":22,"column":16}},"10":{"start":{"line":25,"column":21},"end":{"line":30,"column":1}},"11":{"start":{"line":26,"column":2},"end":{"line":29,"column":3}},"12":{"start":{"line":32,"column":20},"end":{"line":37,"column":1}},"13":{"start":{"line":33,"column":2},"end":{"line":33,"column":23}},"14":{"start":{"line":34,"column":2},"end":{"line":34,"column":24}},"15":{"start":{"line":35,"column":2},"end":{"line":35,"column":23}},"16":{"start":{"line":36,"column":2},"end":{"line":36,"column":24}}},"fnMap":{"0":{"name":"(anonymous_0)","decl":{"start":{"line":5,"column":22},"end":{"line":5,"column":23}},"loc":{"start":{"line":5,"column":65},"end":{"line":18,"column":1}},"line":5},"1":{"name":"(anonymous_1)","decl":{"start":{"line":20,"column":28},"end":{"line":20,"column":29}},"loc":{"start":{"line":20,"column":40},"end":{"line":23,"column":1}},"line":20},"2":{"name":"(anonymous_2)","decl":{"start":{"line":25,"column":21},"end":{"line":25,"column":22}},"loc":{"start":{"line":25,"column":27},"end":{"line":30,"column":1}},"line":25},"3":{"name":"(anonymous_3)","decl":{"start":{"line":32,"column":20},"end":{"line":32,"column":21}},"loc":{"start":{"line":32,"column":26},"end":{"line":37,"column":1}},"line":32}},"branchMap":{"0":{"loc":{"start":{"line":5,"column":46},"end":{"line":5,"column":60}},"type":"default-arg","locations":[{"start":{"line":5,"column":55},"end":{"line":5,"column":60}}],"line":5},"1":{"loc":{"start":{"line":6,"column":2},"end":{"line":15,"column":3}},"type":"switch","locations":[{"start":{"line":7,"column":4},"end":{"line":9,"column":10}},{"start":{"line":11,"column":4},"end":{"line":11,"column":17}},{"start":{"line":12,"column":4},"end":{"line":14,"column":10}}],"line":6}},"s":{"0":0,"1":0,"2":0,"3":0,"4":0,"5":0,"6":0,"7":0,"8":0,"9":0,"10":0,"11":0,"12":0,"13":0,"14":0,"15":0,"16":0},"f":{"0":0,"1":0,"2":0,"3":0},"b":{"0":[0],"1":[0,0,0]}}
,"/Users/rotcax/Development/ether-wallet/src/common/actions/index.js": {"path":"/Users/rotcax/Development/ether-wallet/src/common/actions/index.js","statementMap":{},"fnMap":{},"branchMap":{},"s":{},"f":{},"b":{}}
,"/Users/rotcax/Development/ether-wallet/src/common/actions/prices.js": {"path":"/Users/rotcax/Development/ether-wallet/src/common/actions/prices.js","statementMap":{"0":{"start":{"line":4,"column":24},"end":{"line":13,"column":1}},"1":{"start":{"line":5,"column":2},"end":{"line":5,"column":30}},"2":{"start":{"line":7,"column":19},"end":{"line":7,"column":46}},"3":{"start":{"line":8,"column":2},"end":{"line":8,"column":35}},"4":{"start":{"line":9,"column":2},"end":{"line":9,"column":35}},"5":{"start":{"line":10,"column":2},"end":{"line":10,"column":35}},"6":{"start":{"line":12,"column":2},"end":{"line":12,"column":31}}},"fnMap":{"0":{"name":"(anonymous_0)","decl":{"start":{"line":4,"column":24},"end":{"line":4,"column":25}},"loc":{"start":{"line":4,"column":36},"end":{"line":13,"column":1}},"line":4}},"branchMap":{},"s":{"0":0,"1":0,"2":0,"3":0,"4":0,"5":0,"6":0},"f":{"0":0},"b":{}}
,"/Users/rotcax/Development/ether-wallet/src/common/actions/transactions.js": {"path":"/Users/rotcax/Development/ether-wallet/src/common/actions/transactions.js","statementMap":{"0":{"start":{"line":6,"column":27},"end":{"line":10,"column":1}},"1":{"start":{"line":7,"column":2},"end":{"line":7,"column":52}},"2":{"start":{"line":8,"column":2},"end":{"line":8,"column":32}},"3":{"start":{"line":9,"column":2},"end":{"line":9,"column":33}},"4":{"start":{"line":12,"column":25},"end":{"line":18,"column":1}},"5":{"start":{"line":13,"column":14},"end":{"line":13,"column":87}},"6":{"start":{"line":14,"column":2},"end":{"line":14,"column":40}},"7":{"start":{"line":15,"column":2},"end":{"line":15,"column":33}},"8":{"start":{"line":17,"column":2},"end":{"line":17,"column":12}},"9":{"start":{"line":20,"column":31},"end":{"line":26,"column":1}},"10":{"start":{"line":21,"column":2},"end":{"line":21,"column":74}},"11":{"start":{"line":21,"column":41},"end":{"line":21,"column":74}},"12":{"start":{"line":22,"column":2},"end":{"line":22,"column":62}},"13":{"start":{"line":23,"column":2},"end":{"line":23,"column":33}},"14":{"start":{"line":25,"column":2},"end":{"line":25,"column":12}}},"fnMap":{"0":{"name":"(anonymous_0)","decl":{"start":{"line":6,"column":27},"end":{"line":6,"column":28}},"loc":{"start":{"line":6,"column":50},"end":{"line":10,"column":1}},"line":6},"1":{"name":"(anonymous_1)","decl":{"start":{"line":12,"column":25},"end":{"line":12,"column":26}},"loc":{"start":{"line":12,"column":73},"end":{"line":18,"column":1}},"line":12},"2":{"name":"(anonymous_2)","decl":{"start":{"line":20,"column":31},"end":{"line":20,"column":32}},"loc":{"start":{"line":20,"column":54},"end":{"line":26,"column":1}},"line":20}},"branchMap":{"0":{"loc":{"start":{"line":21,"column":2},"end":{"line":21,"column":74}},"type":"if","locations":[{"start":{"line":21,"column":2},"end":{"line":21,"column":74}},{"start":{"line":21,"column":2},"end":{"line":21,"column":74}}],"line":21}},"s":{"0":0,"1":0,"2":0,"3":0,"4":0,"5":0,"6":0,"7":0,"8":0,"9":0,"10":0,"11":0,"12":0,"13":0,"14":0},"f":{"0":0,"1":0,"2":0},"b":{"0":[0,0]}}
,"/Users/rotcax/Development/ether-wallet/src/common/actions/wallets.js": {"path":"/Users/rotcax/Development/ether-wallet/src/common/actions/wallets.js","statementMap":{"0":{"start":{"line":5,"column":25},"end":{"line":9,"column":1}},"1":{"start":{"line":6,"column":2},"end":{"line":6,"column":31}},"2":{"start":{"line":7,"column":2},"end":{"line":7,"column":64}},"3":{"start":{"line":8,"column":2},"end":{"line":8,"column":32}},"4":{"start":{"line":11,"column":27},"end":{"line":21,"column":1}},"5":{"start":{"line":12,"column":2},"end":{"line":12,"column":30}},"6":{"start":{"line":14,"column":14},"end":{"line":14,"column":50}},"7":{"start":{"line":15,"column":2},"end":{"line":18,"column":5}},"8":{"start":{"line":16,"column":19},"end":{"line":16,"column":67}},"9":{"start":{"line":17,"column":4},"end":{"line":17,"column":54}},"10":{"start":{"line":20,"column":2},"end":{"line":20,"column":32}},"11":{"start":{"line":23,"column":29},"end":{"line":26,"column":1}},"12":{"start":{"line":24,"column":18},"end":{"line":24,"column":43}},"13":{"start":{"line":25,"column":2},"end":{"line":25,"column":56}},"14":{"start":{"line":28,"column":28},"end":{"line":30,"column":1}},"15":{"start":{"line":29,"column":2},"end":{"line":29,"column":36}},"16":{"start":{"line":32,"column":27},"end":{"line":34,"column":1}},"17":{"start":{"line":33,"column":2},"end":{"line":33,"column":56}},"18":{"start":{"line":36,"column":28},"end":{"line":38,"column":1}},"19":{"start":{"line":37,"column":2},"end":{"line":37,"column":29}},"20":{"start":{"line":40,"column":29},"end":{"line":47,"column":1}},"21":{"start":{"line":41,"column":2},"end":{"line":41,"column":30}},"22":{"start":{"line":43,"column":19},"end":{"line":43,"column":67}},"23":{"start":{"line":44,"column":2},"end":{"line":44,"column":59}},"24":{"start":{"line":44,"column":23},"end":{"line":44,"column":59}},"25":{"start":{"line":46,"column":2},"end":{"line":46,"column":31}}},"fnMap":{"0":{"name":"(anonymous_0)","decl":{"start":{"line":5,"column":25},"end":{"line":5,"column":26}},"loc":{"start":{"line":5,"column":79},"end":{"line":9,"column":1}},"line":5},"1":{"name":"(anonymous_1)","decl":{"start":{"line":11,"column":27},"end":{"line":11,"column":28}},"loc":{"start":{"line":11,"column":39},"end":{"line":21,"column":1}},"line":11},"2":{"name":"(anonymous_2)","decl":{"start":{"line":15,"column":10},"end":{"line":15,"column":11}},"loc":{"start":{"line":15,"column":49},"end":{"line":18,"column":3}},"line":15},"3":{"name":"(anonymous_3)","decl":{"start":{"line":23,"column":29},"end":{"line":23,"column":30}},"loc":{"start":{"line":23,"column":45},"end":{"line":26,"column":1}},"line":23},"4":{"name":"(anonymous_4)","decl":{"start":{"line":28,"column":28},"end":{"line":28,"column":29}},"loc":{"start":{"line":28,"column":44},"end":{"line":30,"column":1}},"line":28},"5":{"name":"(anonymous_5)","decl":{"start":{"line":32,"column":27},"end":{"line":32,"column":28}},"loc":{"start":{"line":32,"column":39},"end":{"line":34,"column":1}},"line":32},"6":{"name":"(anonymous_6)","decl":{"start":{"line":36,"column":28},"end":{"line":36,"column":29}},"loc":{"start":{"line":36,"column":44},"end":{"line":38,"column":1}},"line":36},"7":{"name":"(anonymous_7)","decl":{"start":{"line":40,"column":29},"end":{"line":40,"column":30}},"loc":{"start":{"line":40,"column":45},"end":{"line":47,"column":1}},"line":40}},"branchMap":{"0":{"loc":{"start":{"line":5,"column":52},"end":{"line":5,"column":74}},"type":"default-arg","locations":[{"start":{"line":5,"column":72},"end":{"line":5,"column":74}}],"line":5},"1":{"loc":{"start":{"line":44,"column":2},"end":{"line":44,"column":59}},"type":"if","locations":[{"start":{"line":44,"column":2},"end":{"line":44,"column":59}},{"start":{"line":44,"column":2},"end":{"line":44,"column":59}}],"line":44}},"s":{"0":0,"1":0,"2":0,"3":0,"4":0,"5":0,"6":0,"7":0,"8":0,"9":0,"10":0,"11":0,"12":0,"13":0,"14":0,"15":0,"16":0,"17":0,"18":0,"19":0,"20":0,"21":0,"22":0,"23":0,"24":0,"25":0},"f":{"0":0,"1":0,"2":0,"3":0,"4":0,"5":0,"6":0,"7":0},"b":{"0":[0],"1":[0,0]}}
,"/Users/rotcax/Development/ether-wallet/src/common/constants/index.js": {"path":"/Users/rotcax/Development/ether-wallet/src/common/constants/index.js","statementMap":{},"fnMap":{},"branchMap":{},"s":{},"f":{},"b":{}}
,"/Users/rotcax/Development/ether-wallet/src/common/constants/recents.js": {"path":"/Users/rotcax/Development/ether-wallet/src/common/constants/recents.js","statementMap":{"0":{"start":{"line":1,"column":27},"end":{"line":1,"column":44}}},"fnMap":{},"branchMap":{},"s":{"0":0},"f":{},"b":{}}
,"/Users/rotcax/Development/ether-wallet/src/common/constants/storage.js": {"path":"/Users/rotcax/Development/ether-wallet/src/common/constants/storage.js","statementMap":{"0":{"start":{"line":1,"column":22},"end":{"line":4,"column":1}}},"fnMap":{},"branchMap":{},"s":{"0":0},"f":{},"b":{}}
,"/Users/rotcax/Development/ether-wallet/src/common/constants/url.js": {"path":"/Users/rotcax/Development/ether-wallet/src/common/constants/url.js","statementMap":{"0":{"start":{"line":1,"column":30},"end":{"line":1,"column":65}},"1":{"start":{"line":2,"column":25},"end":{"line":2,"column":59}}},"fnMap":{},"branchMap":{},"s":{"0":0,"1":0},"f":{},"b":{}}
,"/Users/rotcax/Development/ether-wallet/src/common/constants/wallet.js": {"path":"/Users/rotcax/Development/ether-wallet/src/common/constants/wallet.js","statementMap":{"0":{"start":{"line":1,"column":27},"end":{"line":1,"column":43}}},"fnMap":{},"branchMap":{},"s":{"0":0},"f":{},"b":{}}
,"/Users/rotcax/Development/ether-wallet/src/common/services/api.js": {"path":"/Users/rotcax/Development/ether-wallet/src/common/services/api.js","statementMap":{"0":{"start":{"line":4,"column":24},"end":{"line":6,"column":1}},"1":{"start":{"line":5,"column":2},"end":{"line":5,"column":81}},"2":{"start":{"line":8,"column":26},"end":{"line":10,"column":1}},"3":{"start":{"line":9,"column":2},"end":{"line":9,"column":126}}},"fnMap":{"0":{"name":"(anonymous_0)","decl":{"start":{"line":4,"column":24},"end":{"line":4,"column":25}},"loc":{"start":{"line":4,"column":30},"end":{"line":6,"column":1}},"line":4},"1":{"name":"(anonymous_1)","decl":{"start":{"line":8,"column":26},"end":{"line":8,"column":27}},"loc":{"start":{"line":8,"column":37},"end":{"line":10,"column":1}},"line":8}},"branchMap":{},"s":{"0":0,"1":0,"2":0,"3":0},"f":{"0":0,"1":0},"b":{}}
,"/Users/rotcax/Development/ether-wallet/src/common/services/index.js": {"path":"/Users/rotcax/Development/ether-wallet/src/common/services/index.js","statementMap":{},"fnMap":{},"branchMap":{},"s":{},"f":{},"b":{}}
,"/Users/rotcax/Development/ether-wallet/src/common/services/recents.js": {"path":"/Users/rotcax/Development/ether-wallet/src/common/services/recents.js","statementMap":{"0":{"start":{"line":4,"column":35},"end":{"line":7,"column":1}},"1":{"start":{"line":5,"column":18},"end":{"line":5,"column":67}},"2":{"start":{"line":6,"column":2},"end":{"line":6,"column":44}},"3":{"start":{"line":9,"column":35},"end":{"line":11,"column":1}},"4":{"start":{"line":10,"column":2},"end":{"line":10,"column":78}},"5":{"start":{"line":13,"column":37},"end":{"line":15,"column":1}},"6":{"start":{"line":14,"column":2},"end":{"line":14,"column":56}}},"fnMap":{"0":{"name":"(anonymous_0)","decl":{"start":{"line":4,"column":35},"end":{"line":4,"column":36}},"loc":{"start":{"line":4,"column":47},"end":{"line":7,"column":1}},"line":4},"1":{"name":"(anonymous_1)","decl":{"start":{"line":9,"column":35},"end":{"line":9,"column":36}},"loc":{"start":{"line":9,"column":46},"end":{"line":11,"column":1}},"line":9},"2":{"name":"(anonymous_2)","decl":{"start":{"line":13,"column":37},"end":{"line":13,"column":38}},"loc":{"start":{"line":13,"column":43},"end":{"line":15,"column":1}},"line":13}},"branchMap":{"0":{"loc":{"start":{"line":6,"column":9},"end":{"line":6,"column":43}},"type":"cond-expr","locations":[{"start":{"line":6,"column":19},"end":{"line":6,"column":38}},{"start":{"line":6,"column":41},"end":{"line":6,"column":43}}],"line":6}},"s":{"0":0,"1":0,"2":0,"3":0,"4":0,"5":0,"6":0},"f":{"0":0,"1":0,"2":0},"b":{"0":[0,0]}}
,"/Users/rotcax/Development/ether-wallet/src/common/services/storage.js": {"path":"/Users/rotcax/Development/ether-wallet/src/common/services/storage.js","statementMap":{"0":{"start":{"line":4,"column":23},"end":{"line":6,"column":1}},"1":{"start":{"line":5,"column":2},"end":{"line":5,"column":80}},"2":{"start":{"line":5,"column":68},"end":{"line":5,"column":78}},"3":{"start":{"line":8,"column":23},"end":{"line":10,"column":1}},"4":{"start":{"line":9,"column":2},"end":{"line":9,"column":68}},"5":{"start":{"line":12,"column":26},"end":{"line":14,"column":1}},"6":{"start":{"line":13,"column":2},"end":{"line":13,"column":58}}},"fnMap":{"0":{"name":"(anonymous_0)","decl":{"start":{"line":4,"column":23},"end":{"line":4,"column":24}},"loc":{"start":{"line":4,"column":30},"end":{"line":6,"column":1}},"line":4},"1":{"name":"(anonymous_1)","decl":{"start":{"line":5,"column":60},"end":{"line":5,"column":61}},"loc":{"start":{"line":5,"column":68},"end":{"line":5,"column":78}},"line":5},"2":{"name":"(anonymous_2)","decl":{"start":{"line":8,"column":23},"end":{"line":8,"column":24}},"loc":{"start":{"line":8,"column":39},"end":{"line":10,"column":1}},"line":8},"3":{"name":"(anonymous_3)","decl":{"start":{"line":12,"column":26},"end":{"line":12,"column":27}},"loc":{"start":{"line":12,"column":33},"end":{"line":14,"column":1}},"line":12}},"branchMap":{"0":{"loc":{"start":{"line":5,"column":68},"end":{"line":5,"column":78}},"type":"binary-expr","locations":[{"start":{"line":5,"column":68},"end":{"line":5,"column":72}},{"start":{"line":5,"column":76},"end":{"line":5,"column":78}}],"line":5},"1":{"loc":{"start":{"line":9,"column":39},"end":{"line":9,"column":50}},"type":"binary-expr","locations":[{"start":{"line":9,"column":39},"end":{"line":9,"column":44}},{"start":{"line":9,"column":48},"end":{"line":9,"column":50}}],"line":9}},"s":{"0":0,"1":0,"2":0,"3":0,"4":0,"5":0,"6":0},"f":{"0":0,"1":0,"2":0,"3":0},"b":{"0":[0,0],"1":[0,0]}}
,"/Users/rotcax/Development/ether-wallet/src/common/services/transactions.js": {"path":"/Users/rotcax/Development/ether-wallet/src/common/services/transactions.js","statementMap":{"0":{"start":{"line":4,"column":26},"end":{"line":4,"column":32}},"1":{"start":{"line":6,"column":31},"end":{"line":11,"column":1}},"2":{"start":{"line":7,"column":2},"end":{"line":7,"column":67}},"3":{"start":{"line":7,"column":34},"end":{"line":7,"column":67}},"4":{"start":{"line":8,"column":2},"end":{"line":8,"column":94}},"5":{"start":{"line":8,"column":56},"end":{"line":8,"column":94}},"6":{"start":{"line":10,"column":2},"end":{"line":10,"column":44}},"7":{"start":{"line":13,"column":25},"end":{"line":19,"column":1}},"8":{"start":{"line":14,"column":2},"end":{"line":14,"column":67}},"9":{"start":{"line":14,"column":34},"end":{"line":14,"column":67}},"10":{"start":{"line":15,"column":2},"end":{"line":15,"column":84}},"11":{"start":{"line":15,"column":38},"end":{"line":15,"column":84}},"12":{"start":{"line":16,"column":2},"end":{"line":16,"column":76}},"13":{"start":{"line":16,"column":43},"end":{"line":16,"column":76}},"14":{"start":{"line":18,"column":2},"end":{"line":18,"column":50}}},"fnMap":{"0":{"name":"(anonymous_0)","decl":{"start":{"line":6,"column":31},"end":{"line":6,"column":32}},"loc":{"start":{"line":6,"column":56},"end":{"line":11,"column":1}},"line":6},"1":{"name":"(anonymous_1)","decl":{"start":{"line":13,"column":25},"end":{"line":13,"column":26}},"loc":{"start":{"line":13,"column":67},"end":{"line":19,"column":1}},"line":13}},"branchMap":{"0":{"loc":{"start":{"line":7,"column":2},"end":{"line":7,"column":67}},"type":"if","locations":[{"start":{"line":7,"column":2},"end":{"line":7,"column":67}},{"start":{"line":7,"column":2},"end":{"line":7,"column":67}}],"line":7},"1":{"loc":{"start":{"line":8,"column":2},"end":{"line":8,"column":94}},"type":"if","locations":[{"start":{"line":8,"column":2},"end":{"line":8,"column":94}},{"start":{"line":8,"column":2},"end":{"line":8,"column":94}}],"line":8},"2":{"loc":{"start":{"line":14,"column":2},"end":{"line":14,"column":67}},"type":"if","locations":[{"start":{"line":14,"column":2},"end":{"line":14,"column":67}},{"start":{"line":14,"column":2},"end":{"line":14,"column":67}}],"line":14},"3":{"loc":{"start":{"line":15,"column":2},"end":{"line":15,"column":84}},"type":"if","locations":[{"start":{"line":15,"column":2},"end":{"line":15,"column":84}},{"start":{"line":15,"column":2},"end":{"line":15,"column":84}}],"line":15},"4":{"loc":{"start":{"line":16,"column":2},"end":{"line":16,"column":76}},"type":"if","locations":[{"start":{"line":16,"column":2},"end":{"line":16,"column":76}},{"start":{"line":16,"column":2},"end":{"line":16,"column":76}}],"line":16}},"s":{"0":0,"1":0,"2":0,"3":0,"4":0,"5":0,"6":0,"7":0,"8":0,"9":0,"10":0,"11":0,"12":0,"13":0,"14":0},"f":{"0":0,"1":0},"b":{"0":[0,0],"1":[0,0],"2":[0,0],"3":[0,0],"4":[0,0]}}
,"/Users/rotcax/Development/ether-wallet/src/common/services/wallets.js": {"path":"/Users/rotcax/Development/ether-wallet/src/common/services/wallets.js","statementMap":{"0":{"start":{"line":4,"column":29},"end":{"line":7,"column":1}},"1":{"start":{"line":5,"column":14},"end":{"line":5,"column":62}},"2":{"start":{"line":6,"column":2},"end":{"line":6,"column":36}},"3":{"start":{"line":9,"column":29},"end":{"line":12,"column":1}},"4":{"start":{"line":10,"column":14},"end":{"line":10,"column":101}},"5":{"start":{"line":10,"column":66},"end":{"line":10,"column":99}},"6":{"start":{"line":11,"column":2},"end":{"line":11,"column":72}},"7":{"start":{"line":14,"column":31},"end":{"line":16,"column":1}},"8":{"start":{"line":15,"column":2},"end":{"line":15,"column":55}}},"fnMap":{"0":{"name":"(anonymous_0)","decl":{"start":{"line":4,"column":29},"end":{"line":4,"column":30}},"loc":{"start":{"line":4,"column":41},"end":{"line":7,"column":1}},"line":4},"1":{"name":"(anonymous_1)","decl":{"start":{"line":9,"column":29},"end":{"line":9,"column":30}},"loc":{"start":{"line":9,"column":46},"end":{"line":12,"column":1}},"line":9},"2":{"name":"(anonymous_2)","decl":{"start":{"line":10,"column":26},"end":{"line":10,"column":27}},"loc":{"start":{"line":10,"column":66},"end":{"line":10,"column":99}},"line":10},"3":{"name":"(anonymous_3)","decl":{"start":{"line":14,"column":31},"end":{"line":14,"column":32}},"loc":{"start":{"line":14,"column":37},"end":{"line":16,"column":1}},"line":14}},"branchMap":{"0":{"loc":{"start":{"line":6,"column":9},"end":{"line":6,"column":35}},"type":"cond-expr","locations":[{"start":{"line":6,"column":15},"end":{"line":6,"column":30}},{"start":{"line":6,"column":33},"end":{"line":6,"column":35}}],"line":6}},"s":{"0":0,"1":0,"2":0,"3":0,"4":0,"5":0,"6":0,"7":0,"8":0},"f":{"0":0,"1":0,"2":0,"3":0},"b":{"0":[0,0]}}
,"/Users/rotcax/Development/ether-wallet/src/common/stores/index.js": {"path":"/Users/rotcax/Development/ether-wallet/src/common/stores/index.js","statementMap":{},"fnMap":{},"branchMap":{},"s":{},"f":{},"b":{}}
,"/Users/rotcax/Development/ether-wallet/src/common/stores/prices.js": {"path":"/Users/rotcax/Development/ether-wallet/src/common/stores/prices.js","statementMap":{"0":{"start":{"line":3,"column":16},"end":{"line":8,"column":1}},"1":{"start":{"line":11,"column":20},"end":{"line":11,"column":31}},"2":{"start":{"line":12,"column":20},"end":{"line":12,"column":31}},"3":{"start":{"line":13,"column":19},"end":{"line":13,"column":30}},"4":{"start":{"line":14,"column":24},"end":{"line":14,"column":39}},"5":{"start":{"line":17,"column":4},"end":{"line":17,"column":85}},"6":{"start":{"line":17,"column":50},"end":{"line":17,"column":85}},"7":{"start":{"line":21,"column":4},"end":{"line":21,"column":33}},"8":{"start":{"line":25,"column":4},"end":{"line":25,"column":28}},"9":{"start":{"line":26,"column":4},"end":{"line":26,"column":27}},"10":{"start":{"line":30,"column":4},"end":{"line":30,"column":28}},"11":{"start":{"line":31,"column":4},"end":{"line":31,"column":27}},"12":{"start":{"line":35,"column":4},"end":{"line":35,"column":28}},"13":{"start":{"line":36,"column":4},"end":{"line":36,"column":27}},"14":{"start":{"line":40,"column":4},"end":{"line":40,"column":26}},"15":{"start":{"line":41,"column":4},"end":{"line":41,"column":26}},"16":{"start":{"line":42,"column":4},"end":{"line":42,"column":26}},"17":{"start":{"line":43,"column":4},"end":{"line":43,"column":34}}},"fnMap":{"0":{"name":"(anonymous_0)","decl":{"start":{"line":16,"column":2},"end":{"line":16,"column":3}},"loc":{"start":{"line":16,"column":23},"end":{"line":18,"column":3}},"line":16},"1":{"name":"(anonymous_1)","decl":{"start":{"line":20,"column":2},"end":{"line":20,"column":3}},"loc":{"start":{"line":20,"column":27},"end":{"line":22,"column":3}},"line":20},"2":{"name":"(anonymous_2)","decl":{"start":{"line":24,"column":2},"end":{"line":24,"column":3}},"loc":{"start":{"line":24,"column":27},"end":{"line":27,"column":3}},"line":24},"3":{"name":"(anonymous_3)","decl":{"start":{"line":29,"column":2},"end":{"line":29,"column":3}},"loc":{"start":{"line":29,"column":27},"end":{"line":32,"column":3}},"line":29},"4":{"name":"(anonymous_4)","decl":{"start":{"line":34,"column":2},"end":{"line":34,"column":3}},"loc":{"start":{"line":34,"column":27},"end":{"line":37,"column":3}},"line":34},"5":{"name":"(anonymous_5)","decl":{"start":{"line":39,"column":2},"end":{"line":39,"column":3}},"loc":{"start":{"line":39,"column":18},"end":{"line":44,"column":3}},"line":39}},"branchMap":{"0":{"loc":{"start":{"line":17,"column":4},"end":{"line":17,"column":85}},"type":"if","locations":[{"start":{"line":17,"column":4},"end":{"line":17,"column":85}},{"start":{"line":17,"column":4},"end":{"line":17,"column":85}}],"line":17},"1":{"loc":{"start":{"line":17,"column":7},"end":{"line":17,"column":48}},"type":"binary-expr","locations":[{"start":{"line":17,"column":7},"end":{"line":17,"column":19}},{"start":{"line":17,"column":23},"end":{"line":17,"column":48}}],"line":17}},"s":{"0":0,"1":0,"2":0,"3":0,"4":0,"5":0,"6":0,"7":0,"8":0,"9":0,"10":0,"11":0,"12":0,"13":0,"14":0,"15":0,"16":0,"17":0},"f":{"0":0,"1":0,"2":0,"3":0,"4":0,"5":0},"b":{"0":[0,0],"1":[0,0]}}
,"/Users/rotcax/Development/ether-wallet/src/common/stores/recents.js": {"path":"/Users/rotcax/Development/ether-wallet/src/common/stores/recents.js","statementMap":{"0":{"start":{"line":3,"column":16},"end":{"line":6,"column":1}},"1":{"start":{"line":9,"column":21},"end":{"line":9,"column":33}},"2":{"start":{"line":10,"column":24},"end":{"line":10,"column":39}},"3":{"start":{"line":13,"column":4},"end":{"line":13,"column":34}},"4":{"start":{"line":17,"column":18},"end":{"line":17,"column":57}},"5":{"start":{"line":17,"column":43},"end":{"line":17,"column":56}},"6":{"start":{"line":18,"column":4},"end":{"line":18,"column":26}},"7":{"start":{"line":18,"column":19},"end":{"line":18,"column":26}},"8":{"start":{"line":19,"column":4},"end":{"line":19,"column":28}},"9":{"start":{"line":23,"column":4},"end":{"line":23,"column":19}},"10":{"start":{"line":24,"column":4},"end":{"line":24,"column":59}},"11":{"start":{"line":24,"column":33},"end":{"line":24,"column":57}},"12":{"start":{"line":28,"column":4},"end":{"line":28,"column":29}},"13":{"start":{"line":29,"column":4},"end":{"line":29,"column":35}}},"fnMap":{"0":{"name":"(anonymous_0)","decl":{"start":{"line":12,"column":2},"end":{"line":12,"column":3}},"loc":{"start":{"line":12,"column":27},"end":{"line":14,"column":3}},"line":12},"1":{"name":"(anonymous_1)","decl":{"start":{"line":16,"column":2},"end":{"line":16,"column":3}},"loc":{"start":{"line":16,"column":30},"end":{"line":20,"column":3}},"line":16},"2":{"name":"(anonymous_2)","decl":{"start":{"line":17,"column":38},"end":{"line":17,"column":39}},"loc":{"start":{"line":17,"column":43},"end":{"line":17,"column":56}},"line":17},"3":{"name":"(anonymous_3)","decl":{"start":{"line":22,"column":2},"end":{"line":22,"column":3}},"loc":{"start":{"line":22,"column":35},"end":{"line":25,"column":3}},"line":22},"4":{"name":"(anonymous_4)","decl":{"start":{"line":24,"column":22},"end":{"line":24,"column":23}},"loc":{"start":{"line":24,"column":33},"end":{"line":24,"column":57}},"line":24},"5":{"name":"(anonymous_5)","decl":{"start":{"line":27,"column":2},"end":{"line":27,"column":3}},"loc":{"start":{"line":27,"column":18},"end":{"line":30,"column":3}},"line":27}},"branchMap":{"0":{"loc":{"start":{"line":18,"column":4},"end":{"line":18,"column":26}},"type":"if","locations":[{"start":{"line":18,"column":4},"end":{"line":18,"column":26}},{"start":{"line":18,"column":4},"end":{"line":18,"column":26}}],"line":18}},"s":{"0":0,"1":0,"2":0,"3":0,"4":0,"5":0,"6":0,"7":0,"8":0,"9":0,"10":0,"11":0,"12":0,"13":0},"f":{"0":0,"1":0,"2":0,"3":0,"4":0,"5":0},"b":{"0":[0,0]}}
,"/Users/rotcax/Development/ether-wallet/src/common/stores/wallet.js": {"path":"/Users/rotcax/Development/ether-wallet/src/common/stores/wallet.js","statementMap":{"0":{"start":{"line":4,"column":16},"end":{"line":9,"column":1}},"1":{"start":{"line":12,"column":21},"end":{"line":12,"column":33}},"2":{"start":{"line":13,"column":24},"end":{"line":13,"column":39}},"3":{"start":{"line":14,"column":36},"end":{"line":14,"column":63}},"4":{"start":{"line":15,"column":24},"end":{"line":15,"column":39}},"5":{"start":{"line":18,"column":4},"end":{"line":18,"column":33}},"6":{"start":{"line":22,"column":4},"end":{"line":22,"column":76}},"7":{"start":{"line":22,"column":43},"end":{"line":22,"column":76}},"8":{"start":{"line":23,"column":4},"end":{"line":23,"column":22}},"9":{"start":{"line":27,"column":4},"end":{"line":27,"column":87}},"10":{"start":{"line":27,"column":19},"end":{"line":27,"column":87}},"11":{"start":{"line":28,"column":4},"end":{"line":28,"column":84}},"12":{"start":{"line":28,"column":36},"end":{"line":28,"column":84}},"13":{"start":{"line":30,"column":4},"end":{"line":30,"column":26}},"14":{"start":{"line":34,"column":4},"end":{"line":34,"column":38}},"15":{"start":{"line":38,"column":20},"end":{"line":38,"column":81}},"16":{"start":{"line":38,"column":60},"end":{"line":38,"column":80}},"17":{"start":{"line":39,"column":4},"end":{"line":39,"column":38}},"18":{"start":{"line":40,"column":4},"end":{"line":40,"column":26}},"19":{"start":{"line":44,"column":4},"end":{"line":44,"column":28}},"20":{"start":{"line":45,"column":4},"end":{"line":45,"column":34}},"21":{"start":{"line":46,"column":4},"end":{"line":46,"column":58}},"22":{"start":{"line":47,"column":4},"end":{"line":47,"column":34}}},"fnMap":{"0":{"name":"(anonymous_0)","decl":{"start":{"line":17,"column":2},"end":{"line":17,"column":3}},"loc":{"start":{"line":17,"column":27},"end":{"line":19,"column":3}},"line":17},"1":{"name":"(anonymous_1)","decl":{"start":{"line":21,"column":2},"end":{"line":21,"column":3}},"loc":{"start":{"line":21,"column":25},"end":{"line":24,"column":3}},"line":21},"2":{"name":"(anonymous_2)","decl":{"start":{"line":26,"column":2},"end":{"line":26,"column":3}},"loc":{"start":{"line":26,"column":30},"end":{"line":31,"column":3}},"line":26},"3":{"name":"(anonymous_3)","decl":{"start":{"line":33,"column":2},"end":{"line":33,"column":3}},"loc":{"start":{"line":33,"column":37},"end":{"line":35,"column":3}},"line":33},"4":{"name":"(anonymous_4)","decl":{"start":{"line":37,"column":2},"end":{"line":37,"column":3}},"loc":{"start":{"line":37,"column":29},"end":{"line":41,"column":3}},"line":37},"5":{"name":"(anonymous_5)","decl":{"start":{"line":38,"column":52},"end":{"line":38,"column":53}},"loc":{"start":{"line":38,"column":60},"end":{"line":38,"column":80}},"line":38},"6":{"name":"(anonymous_6)","decl":{"start":{"line":43,"column":2},"end":{"line":43,"column":3}},"loc":{"start":{"line":43,"column":18},"end":{"line":48,"column":3}},"line":43}},"branchMap":{"0":{"loc":{"start":{"line":22,"column":4},"end":{"line":22,"column":76}},"type":"if","locations":[{"start":{"line":22,"column":4},"end":{"line":22,"column":76}},{"start":{"line":22,"column":4},"end":{"line":22,"column":76}}],"line":22},"1":{"loc":{"start":{"line":27,"column":4},"end":{"line":27,"column":87}},"type":"if","locations":[{"start":{"line":27,"column":4},"end":{"line":27,"column":87}},{"start":{"line":27,"column":4},"end":{"line":27,"column":87}}],"line":27},"2":{"loc":{"start":{"line":28,"column":4},"end":{"line":28,"column":84}},"type":"if","locations":[{"start":{"line":28,"column":4},"end":{"line":28,"column":84}},{"start":{"line":28,"column":4},"end":{"line":28,"column":84}}],"line":28}},"s":{"0":0,"1":0,"2":0,"3":0,"4":0,"5":0,"6":0,"7":0,"8":0,"9":0,"10":0,"11":0,"12":0,"13":0,"14":0,"15":0,"16":0,"17":0,"18":0,"19":0,"20":0,"21":0,"22":0},"f":{"0":0,"1":0,"2":0,"3":0,"4":0,"5":0,"6":0},"b":{"0":[0,0],"1":[0,0],"2":[0,0]}}
,"/Users/rotcax/Development/ether-wallet/src/common/stores/wallets.js": {"path":"/Users/rotcax/Development/ether-wallet/src/common/stores/wallets.js","statementMap":{"0":{"start":{"line":4,"column":16},"end":{"line":7,"column":1}},"1":{"start":{"line":10,"column":21},"end":{"line":10,"column":33}},"2":{"start":{"line":11,"column":24},"end":{"line":11,"column":39}},"3":{"start":{"line":14,"column":4},"end":{"line":14,"column":33}},"4":{"start":{"line":18,"column":4},"end":{"line":18,"column":76}},"5":{"start":{"line":18,"column":43},"end":{"line":18,"column":76}},"6":{"start":{"line":19,"column":4},"end":{"line":19,"column":28}},"7":{"start":{"line":20,"column":4},"end":{"line":20,"column":42}},"8":{"start":{"line":22,"column":4},"end":{"line":22,"column":26}},"9":{"start":{"line":26,"column":4},"end":{"line":26,"column":79}},"10":{"start":{"line":26,"column":40},"end":{"line":26,"column":78}},"11":{"start":{"line":30,"column":19},"end":{"line":30,"column":78}},"12":{"start":{"line":30,"column":46},"end":{"line":30,"column":77}},"13":{"start":{"line":31,"column":4},"end":{"line":31,"column":51}},"14":{"start":{"line":31,"column":16},"end":{"line":31,"column":51}},"15":{"start":{"line":32,"column":4},"end":{"line":32,"column":27}},"16":{"start":{"line":34,"column":25},"end":{"line":34,"column":86}},"17":{"start":{"line":34,"column":54},"end":{"line":34,"column":85}},"18":{"start":{"line":35,"column":4},"end":{"line":35,"column":41}},"19":{"start":{"line":39,"column":4},"end":{"line":39,"column":28}},"20":{"start":{"line":40,"column":4},"end":{"line":40,"column":34}}},"fnMap":{"0":{"name":"(anonymous_0)","decl":{"start":{"line":13,"column":2},"end":{"line":13,"column":3}},"loc":{"start":{"line":13,"column":27},"end":{"line":15,"column":3}},"line":13},"1":{"name":"(anonymous_1)","decl":{"start":{"line":17,"column":2},"end":{"line":17,"column":3}},"loc":{"start":{"line":17,"column":64},"end":{"line":23,"column":3}},"line":17},"2":{"name":"(anonymous_2)","decl":{"start":{"line":25,"column":2},"end":{"line":25,"column":3}},"loc":{"start":{"line":25,"column":31},"end":{"line":27,"column":3}},"line":25},"3":{"name":"(anonymous_3)","decl":{"start":{"line":26,"column":33},"end":{"line":26,"column":34}},"loc":{"start":{"line":26,"column":40},"end":{"line":26,"column":78}},"line":26},"4":{"name":"(anonymous_4)","decl":{"start":{"line":29,"column":2},"end":{"line":29,"column":3}},"loc":{"start":{"line":29,"column":38},"end":{"line":36,"column":3}},"line":29},"5":{"name":"(anonymous_5)","decl":{"start":{"line":30,"column":34},"end":{"line":30,"column":35}},"loc":{"start":{"line":30,"column":46},"end":{"line":30,"column":77}},"line":30},"6":{"name":"(anonymous_6)","decl":{"start":{"line":34,"column":42},"end":{"line":34,"column":43}},"loc":{"start":{"line":34,"column":54},"end":{"line":34,"column":85}},"line":34},"7":{"name":"(anonymous_7)","decl":{"start":{"line":38,"column":2},"end":{"line":38,"column":3}},"loc":{"start":{"line":38,"column":18},"end":{"line":41,"column":3}},"line":38}},"branchMap":{"0":{"loc":{"start":{"line":17,"column":40},"end":{"line":17,"column":62}},"type":"default-arg","locations":[{"start":{"line":17,"column":60},"end":{"line":17,"column":62}}],"line":17},"1":{"loc":{"start":{"line":18,"column":4},"end":{"line":18,"column":76}},"type":"if","locations":[{"start":{"line":18,"column":4},"end":{"line":18,"column":76}},{"start":{"line":18,"column":4},"end":{"line":18,"column":76}}],"line":18},"2":{"loc":{"start":{"line":31,"column":4},"end":{"line":31,"column":51}},"type":"if","locations":[{"start":{"line":31,"column":4},"end":{"line":31,"column":51}},{"start":{"line":31,"column":4},"end":{"line":31,"column":51}}],"line":31}},"s":{"0":0,"1":0,"2":0,"3":0,"4":0,"5":0,"6":0,"7":0,"8":0,"9":0,"10":0,"11":0,"12":0,"13":0,"14":0,"15":0,"16":0,"17":0,"18":0,"19":0,"20":0},"f":{"0":0,"1":0,"2":0,"3":0,"4":0,"5":0,"6":0,"7":0},"b":{"0":[0],"1":[0,0],"2":[0,0]}}
,"/Users/rotcax/Development/ether-wallet/src/common/styles/colors.js": {"path":"/Users/rotcax/Development/ether-wallet/src/common/styles/colors.js","statementMap":{"0":{"start":{"line":1,"column":38},"end":{"line":1,"column":47}},"1":{"start":{"line":2,"column":38},"end":{"line":2,"column":47}},"2":{"start":{"line":3,"column":38},"end":{"line":3,"column":47}},"3":{"start":{"line":4,"column":38},"end":{"line":4,"column":47}},"4":{"start":{"line":5,"column":38},"end":{"line":5,"column":47}},"5":{"start":{"line":6,"column":38},"end":{"line":6,"column":47}},"6":{"start":{"line":7,"column":38},"end":{"line":7,"column":47}},"7":{"start":{"line":8,"column":38},"end":{"line":8,"column":47}},"8":{"start":{"line":9,"column":38},"end":{"line":9,"column":47}},"9":{"start":{"line":10,"column":38},"end":{"line":10,"column":47}},"10":{"start":{"line":12,"column":38},"end":{"line":12,"column":46}},"11":{"start":{"line":13,"column":38},"end":{"line":13,"column":43}},"12":{"start":{"line":15,"column":38},"end":{"line":15,"column":45}},"13":{"start":{"line":16,"column":38},"end":{"line":16,"column":43}},"14":{"start":{"line":17,"column":38},"end":{"line":17,"column":46}},"15":{"start":{"line":19,"column":38},"end":{"line":19,"column":43}},"16":{"start":{"line":20,"column":38},"end":{"line":20,"column":48}},"17":{"start":{"line":21,"column":38},"end":{"line":21,"column":41}},"18":{"start":{"line":22,"column":38},"end":{"line":22,"column":46}},"19":{"start":{"line":23,"column":38},"end":{"line":23,"column":42}}},"fnMap":{},"branchMap":{},"s":{"0":0,"1":0,"2":0,"3":0,"4":0,"5":0,"6":0,"7":0,"8":0,"9":0,"10":0,"11":0,"12":0,"13":0,"14":0,"15":0,"16":0,"17":0,"18":0,"19":0},"f":{},"b":{}}
,"/Users/rotcax/Development/ether-wallet/src/common/styles/index.js": {"path":"/Users/rotcax/Development/ether-wallet/src/common/styles/index.js","statementMap":{},"fnMap":{},"branchMap":{},"s":{},"f":{},"b":{}}
,"/Users/rotcax/Development/ether-wallet/src/common/styles/measures.js": {"path":"/Users/rotcax/Development/ether-wallet/src/common/styles/measures.js","statementMap":{"0":{"start":{"line":1,"column":30},"end":{"line":1,"column":31}},"1":{"start":{"line":2,"column":30},"end":{"line":2,"column":31}},"2":{"start":{"line":4,"column":30},"end":{"line":4,"column":32}},"3":{"start":{"line":5,"column":30},"end":{"line":5,"column":50}},"4":{"start":{"line":6,"column":30},"end":{"line":6,"column":50}},"5":{"start":{"line":8,"column":30},"end":{"line":8,"column":32}},"6":{"start":{"line":9,"column":30},"end":{"line":9,"column":50}},"7":{"start":{"line":10,"column":30},"end":{"line":10,"column":50}}},"fnMap":{},"branchMap":{},"s":{"0":0,"1":0,"2":0,"3":0,"4":0,"5":0,"6":0,"7":0},"f":{},"b":{}}
,"/Users/rotcax/Development/ether-wallet/src/common/utils/index.js": {"path":"/Users/rotcax/Development/ether-wallet/src/common/utils/index.js","statementMap":{},"fnMap":{},"branchMap":{},"s":{},"f":{},"b":{}}
,"/Users/rotcax/Development/ether-wallet/src/common/utils/transaction.js": {"path":"/Users/rotcax/Development/ether-wallet/src/common/utils/transaction.js","statementMap":{"0":{"start":{"line":3,"column":18},"end":{"line":3,"column":24}},"1":{"start":{"line":5,"column":25},"end":{"line":5,"column":30}},"2":{"start":{"line":6,"column":25},"end":{"line":6,"column":35}},"3":{"start":{"line":8,"column":33},"end":{"line":17,"column":1}},"4":{"start":{"line":9,"column":2},"end":{"line":11,"column":54}},"5":{"start":{"line":9,"column":13},"end":{"line":9,"column":66}},"6":{"start":{"line":10,"column":7},"end":{"line":11,"column":54}},"7":{"start":{"line":10,"column":32},"end":{"line":10,"column":84}},"8":{"start":{"line":11,"column":7},"end":{"line":11,"column":54}},"9":{"start":{"line":11,"column":27},"end":{"line":11,"column":54}},"10":{"start":{"line":13,"column":19},"end":{"line":13,"column":35}},"11":{"start":{"line":14,"column":2},"end":{"line":14,"column":33}},"12":{"start":{"line":16,"column":2},"end":{"line":16,"column":54}},"13":{"start":{"line":19,"column":34},"end":{"line":24,"column":1}},"14":{"start":{"line":20,"column":2},"end":{"line":23,"column":41}}},"fnMap":{"0":{"name":"(anonymous_0)","decl":{"start":{"line":8,"column":33},"end":{"line":8,"column":34}},"loc":{"start":{"line":8,"column":91},"end":{"line":17,"column":1}},"line":8},"1":{"name":"(anonymous_1)","decl":{"start":{"line":19,"column":34},"end":{"line":19,"column":35}},"loc":{"start":{"line":19,"column":51},"end":{"line":24,"column":1}},"line":19}},"branchMap":{"0":{"loc":{"start":{"line":8,"column":45},"end":{"line":8,"column":72}},"type":"default-arg","locations":[{"start":{"line":8,"column":56},"end":{"line":8,"column":72}}],"line":8},"1":{"loc":{"start":{"line":8,"column":74},"end":{"line":8,"column":86}},"type":"default-arg","locations":[{"start":{"line":8,"column":84},"end":{"line":8,"column":86}}],"line":8},"2":{"loc":{"start":{"line":9,"column":2},"end":{"line":11,"column":54}},"type":"if","locations":[{"start":{"line":9,"column":2},"end":{"line":11,"column":54}},{"start":{"line":9,"column":2},"end":{"line":11,"column":54}}],"line":9},"3":{"loc":{"start":{"line":10,"column":7},"end":{"line":11,"column":54}},"type":"if","locations":[{"start":{"line":10,"column":7},"end":{"line":11,"column":54}},{"start":{"line":10,"column":7},"end":{"line":11,"column":54}}],"line":10},"4":{"loc":{"start":{"line":11,"column":7},"end":{"line":11,"column":54}},"type":"if","locations":[{"start":{"line":11,"column":7},"end":{"line":11,"column":54}},{"start":{"line":11,"column":7},"end":{"line":11,"column":54}}],"line":11},"5":{"loc":{"start":{"line":20,"column":9},"end":{"line":23,"column":41}},"type":"binary-expr","locations":[{"start":{"line":20,"column":9},"end":{"line":20,"column":38}},{"start":{"line":21,"column":7},"end":{"line":21,"column":36}},{"start":{"line":22,"column":7},"end":{"line":22,"column":39}},{"start":{"line":23,"column":7},"end":{"line":23,"column":41}}],"line":20}},"s":{"0":0,"1":0,"2":0,"3":0,"4":0,"5":0,"6":0,"7":0,"8":0,"9":0,"10":0,"11":0,"12":0,"13":0,"14":0},"f":{"0":0,"1":0},"b":{"0":[0],"1":[0],"2":[0,0],"3":[0,0],"4":[0,0],"5":[0,0,0,0]}}
,"/Users/rotcax/Development/ether-wallet/src/common/utils/wallet.js": {"path":"/Users/rotcax/Development/ether-wallet/src/common/utils/wallet.js","statementMap":{"0":{"start":{"line":3,"column":34},"end":{"line":3,"column":40}},"1":{"start":{"line":5,"column":16},"end":{"line":5,"column":25}},"2":{"start":{"line":7,"column":17},"end":{"line":7,"column":51}},"3":{"start":{"line":9,"column":33},"end":{"line":11,"column":1}},"4":{"start":{"line":10,"column":2},"end":{"line":10,"column":67}},"5":{"start":{"line":13,"column":39},"end":{"line":23,"column":1}},"6":{"start":{"line":14,"column":2},"end":{"line":17,"column":35}},"7":{"start":{"line":15,"column":4},"end":{"line":15,"column":39}},"8":{"start":{"line":16,"column":7},"end":{"line":17,"column":35}},"9":{"start":{"line":17,"column":4},"end":{"line":17,"column":35}},"10":{"start":{"line":19,"column":17},"end":{"line":19,"column":47}},"11":{"start":{"line":20,"column":2},"end":{"line":20,"column":28}},"12":{"start":{"line":22,"column":2},"end":{"line":22,"column":15}},"13":{"start":{"line":25,"column":40},"end":{"line":32,"column":1}},"14":{"start":{"line":26,"column":2},"end":{"line":31,"column":3}},"15":{"start":{"line":27,"column":4},"end":{"line":27,"column":45}},"16":{"start":{"line":27,"column":31},"end":{"line":27,"column":45}},"17":{"start":{"line":28,"column":4},"end":{"line":28,"column":35}},"18":{"start":{"line":30,"column":4},"end":{"line":30,"column":42}},"19":{"start":{"line":34,"column":29},"end":{"line":36,"column":1}},"20":{"start":{"line":35,"column":2},"end":{"line":35,"column":35}},"21":{"start":{"line":38,"column":32},"end":{"line":41,"column":1}},"22":{"start":{"line":39,"column":2},"end":{"line":39,"column":76}},"23":{"start":{"line":39,"column":32},"end":{"line":39,"column":76}},"24":{"start":{"line":40,"column":2},"end":{"line":40,"column":78}},"25":{"start":{"line":40,"column":38},"end":{"line":40,"column":52}},"26":{"start":{"line":43,"column":28},"end":{"line":45,"column":1}},"27":{"start":{"line":44,"column":2},"end":{"line":44,"column":50}},"28":{"start":{"line":47,"column":27},"end":{"line":49,"column":1}},"29":{"start":{"line":48,"column":2},"end":{"line":48,"column":67}}},"fnMap":{"0":{"name":"(anonymous_0)","decl":{"start":{"line":9,"column":33},"end":{"line":9,"column":34}},"loc":{"start":{"line":9,"column":39},"end":{"line":11,"column":1}},"line":9},"1":{"name":"(anonymous_1)","decl":{"start":{"line":13,"column":39},"end":{"line":13,"column":40}},"loc":{"start":{"line":13,"column":52},"end":{"line":23,"column":1}},"line":13},"2":{"name":"(anonymous_2)","decl":{"start":{"line":25,"column":40},"end":{"line":25,"column":41}},"loc":{"start":{"line":25,"column":46},"end":{"line":32,"column":1}},"line":25},"3":{"name":"(anonymous_3)","decl":{"start":{"line":34,"column":29},"end":{"line":34,"column":30}},"loc":{"start":{"line":34,"column":40},"end":{"line":36,"column":1}},"line":34},"4":{"name":"(anonymous_4)","decl":{"start":{"line":38,"column":32},"end":{"line":38,"column":33}},"loc":{"start":{"line":38,"column":41},"end":{"line":41,"column":1}},"line":38},"5":{"name":"(anonymous_5)","decl":{"start":{"line":40,"column":22},"end":{"line":40,"column":23}},"loc":{"start":{"line":40,"column":38},"end":{"line":40,"column":52}},"line":40},"6":{"name":"(anonymous_6)","decl":{"start":{"line":43,"column":28},"end":{"line":43,"column":29}},"loc":{"start":{"line":43,"column":55},"end":{"line":45,"column":1}},"line":43},"7":{"name":"(anonymous_7)","decl":{"start":{"line":47,"column":27},"end":{"line":47,"column":28}},"loc":{"start":{"line":47,"column":55},"end":{"line":49,"column":1}},"line":47}},"branchMap":{"0":{"loc":{"start":{"line":14,"column":2},"end":{"line":17,"column":35}},"type":"if","locations":[{"start":{"line":14,"column":2},"end":{"line":17,"column":35}},{"start":{"line":14,"column":2},"end":{"line":17,"column":35}}],"line":14},"1":{"loc":{"start":{"line":14,"column":5},"end":{"line":14,"column":67}},"type":"binary-expr","locations":[{"start":{"line":14,"column":5},"end":{"line":14,"column":34}},{"start":{"line":14,"column":38},"end":{"line":14,"column":67}}],"line":14},"2":{"loc":{"start":{"line":16,"column":7},"end":{"line":17,"column":35}},"type":"if","locations":[{"start":{"line":16,"column":7},"end":{"line":17,"column":35}},{"start":{"line":16,"column":7},"end":{"line":17,"column":35}}],"line":16},"3":{"loc":{"start":{"line":27,"column":4},"end":{"line":27,"column":45}},"type":"if","locations":[{"start":{"line":27,"column":4},"end":{"line":27,"column":45}},{"start":{"line":27,"column":4},"end":{"line":27,"column":45}}],"line":27},"4":{"loc":{"start":{"line":39,"column":2},"end":{"line":39,"column":76}},"type":"if","locations":[{"start":{"line":39,"column":2},"end":{"line":39,"column":76}},{"start":{"line":39,"column":2},"end":{"line":39,"column":76}}],"line":39}},"s":{"0":0,"1":0,"2":0,"3":0,"4":0,"5":0,"6":0,"7":0,"8":0,"9":0,"10":0,"11":0,"12":0,"13":0,"14":0,"15":0,"16":0,"17":0,"18":0,"19":0,"20":0,"21":0,"22":0,"23":0,"24":0,"25":0,"26":0,"27":0,"28":0,"29":0},"f":{"0":0,"1":0,"2":0,"3":0,"4":0,"5":0,"6":0,"7":0},"b":{"0":[0,0],"1":[0,0],"2":[0,0],"3":[0,0],"4":[0,0]}}
,"/Users/rotcax/Development/ether-wallet/src/components/views/index.js": {"path":"/Users/rotcax/Development/ether-wallet/src/components/views/index.js","statementMap":{},"fnMap":{},"branchMap":{},"s":{},"f":{},"b":{}}
,"/Users/rotcax/Development/ether-wallet/src/components/views/WalletsOverview/NoWallets.js": {"path":"/Users/rotcax/Development/ether-wallet/src/components/views/WalletsOverview/NoWallets.js","statementMap":{"0":{"start":{"line":7,"column":30},"end":{"line":7,"column":45}},"1":{"start":{"line":9,"column":21},"end":{"line":9,"column":27}},"2":{"start":{"line":10,"column":18},"end":{"line":10,"column":42}},"3":{"start":{"line":10,"column":24},"end":{"line":10,"column":42}},"4":{"start":{"line":12,"column":2},"end":{"line":40,"column":4}},"5":{"start":{"line":32,"column":23},"end":{"line":32,"column":32}},"6":{"start":{"line":36,"column":84},"end":{"line":36,"column":120}},"7":{"start":{"line":43,"column":15},"end":{"line":50,"column":2}}},"fnMap":{"0":{"name":"(anonymous_0)","decl":{"start":{"line":6,"column":15},"end":{"line":6,"column":16}},"loc":{"start":{"line":6,"column":31},"end":{"line":41,"column":1}},"line":6},"1":{"name":"(anonymous_1)","decl":{"start":{"line":10,"column":18},"end":{"line":10,"column":19}},"loc":{"start":{"line":10,"column":24},"end":{"line":10,"column":42}},"line":10},"2":{"name":"(anonymous_2)","decl":{"start":{"line":32,"column":17},"end":{"line":32,"column":18}},"loc":{"start":{"line":32,"column":23},"end":{"line":32,"column":32}},"line":32},"3":{"name":"(anonymous_3)","decl":{"start":{"line":36,"column":78},"end":{"line":36,"column":79}},"loc":{"start":{"line":36,"column":84},"end":{"line":36,"column":120}},"line":36}},"branchMap":{},"s":{"0":0,"1":0,"2":0,"3":0,"4":0,"5":0,"6":0,"7":0},"f":{"0":0,"1":0,"2":0,"3":0},"b":{}}
,"/Users/rotcax/Development/ether-wallet/src/components/views/WalletsOverview/TotalBalance.js": {"path":"/Users/rotcax/Development/ether-wallet/src/components/views/WalletsOverview/TotalBalance.js","statementMap":{"0":{"start":{"line":11,"column":24},"end":{"line":11,"column":34}},"1":{"start":{"line":13,"column":21},"end":{"line":13,"column":58}},"2":{"start":{"line":13,"column":50},"end":{"line":13,"column":57}},"3":{"start":{"line":14,"column":4},"end":{"line":14,"column":42}},"4":{"start":{"line":14,"column":27},"end":{"line":14,"column":30}},"5":{"start":{"line":14,"column":33},"end":{"line":14,"column":42}},"6":{"start":{"line":16,"column":20},"end":{"line":16,"column":69}},"7":{"start":{"line":17,"column":4},"end":{"line":17,"column":54}},"8":{"start":{"line":21,"column":4},"end":{"line":21,"column":56}},"9":{"start":{"line":25,"column":4},"end":{"line":35,"column":5}},"10":{"start":{"line":39,"column":15},"end":{"line":69,"column":2}}},"fnMap":{"0":{"name":"(anonymous_0)","decl":{"start":{"line":10,"column":2},"end":{"line":10,"column":3}},"loc":{"start":{"line":10,"column":16},"end":{"line":18,"column":3}},"line":10},"1":{"name":"(anonymous_1)","decl":{"start":{"line":13,"column":33},"end":{"line":13,"column":34}},"loc":{"start":{"line":13,"column":50},"end":{"line":13,"column":57}},"line":13},"2":{"name":"(anonymous_2)","decl":{"start":{"line":14,"column":21},"end":{"line":14,"column":22}},"loc":{"start":{"line":14,"column":27},"end":{"line":14,"column":30}},"line":14},"3":{"name":"(anonymous_3)","decl":{"start":{"line":20,"column":2},"end":{"line":20,"column":3}},"loc":{"start":{"line":20,"column":20},"end":{"line":22,"column":3}},"line":20},"4":{"name":"(anonymous_4)","decl":{"start":{"line":24,"column":2},"end":{"line":24,"column":3}},"loc":{"start":{"line":24,"column":11},"end":{"line":36,"column":3}},"line":24}},"branchMap":{"0":{"loc":{"start":{"line":14,"column":4},"end":{"line":14,"column":42}},"type":"if","locations":[{"start":{"line":14,"column":4},"end":{"line":14,"column":42}},{"start":{"line":14,"column":4},"end":{"line":14,"column":42}}],"line":14}},"s":{"0":0,"1":0,"2":0,"3":0,"4":0,"5":0,"6":0,"7":0,"8":0,"9":0,"10":0},"f":{"0":0,"1":0,"2":0,"3":0,"4":0},"b":{"0":[0,0]}}
,"/Users/rotcax/Development/ether-wallet/src/components/views/WalletsOverview/WalletCard.js": {"path":"/Users/rotcax/Development/ether-wallet/src/components/views/WalletsOverview/WalletCard.js","statementMap":{"0":{"start":{"line":13,"column":4},"end":{"line":13,"column":44}},"1":{"start":{"line":13,"column":35},"end":{"line":13,"column":44}},"2":{"start":{"line":14,"column":4},"end":{"line":14,"column":72}},"3":{"start":{"line":18,"column":4},"end":{"line":18,"column":56}},"4":{"start":{"line":22,"column":4},"end":{"line":22,"column":51}},"5":{"start":{"line":26,"column":32},"end":{"line":26,"column":42}},"6":{"start":{"line":28,"column":4},"end":{"line":46,"column":6}},"7":{"start":{"line":50,"column":15},"end":{"line":101,"column":2}}},"fnMap":{"0":{"name":"(anonymous_0)","decl":{"start":{"line":12,"column":2},"end":{"line":12,"column":3}},"loc":{"start":{"line":12,"column":16},"end":{"line":15,"column":3}},"line":12},"1":{"name":"(anonymous_1)","decl":{"start":{"line":17,"column":2},"end":{"line":17,"column":3}},"loc":{"start":{"line":17,"column":20},"end":{"line":19,"column":3}},"line":17},"2":{"name":"(anonymous_2)","decl":{"start":{"line":21,"column":2},"end":{"line":21,"column":3}},"loc":{"start":{"line":21,"column":22},"end":{"line":23,"column":3}},"line":21},"3":{"name":"(anonymous_3)","decl":{"start":{"line":25,"column":2},"end":{"line":25,"column":3}},"loc":{"start":{"line":25,"column":11},"end":{"line":47,"column":3}},"line":25}},"branchMap":{"0":{"loc":{"start":{"line":13,"column":4},"end":{"line":13,"column":44}},"type":"if","locations":[{"start":{"line":13,"column":4},"end":{"line":13,"column":44}},{"start":{"line":13,"column":4},"end":{"line":13,"column":44}}],"line":13}},"s":{"0":0,"1":0,"2":0,"3":0,"4":0,"5":0,"6":0,"7":0},"f":{"0":0,"1":0,"2":0,"3":0},"b":{"0":[0,0]}}
,"/Users/rotcax/Development/ether-wallet/src/components/views/WalletsOverview/index.js": {"path":"/Users/rotcax/Development/ether-wallet/src/components/views/WalletsOverview/index.js","statementMap":{"0":{"start":{"line":14,"column":4},"end":{"line":14,"column":67}},"1":{"start":{"line":18,"column":4},"end":{"line":18,"column":20}},"2":{"start":{"line":22,"column":4},"end":{"line":29,"column":5}},"3":{"start":{"line":23,"column":6},"end":{"line":26,"column":9}},"4":{"start":{"line":28,"column":6},"end":{"line":28,"column":47}},"5":{"start":{"line":33,"column":4},"end":{"line":33,"column":29}},"6":{"start":{"line":33,"column":21},"end":{"line":33,"column":29}},"7":{"start":{"line":34,"column":4},"end":{"line":34,"column":39}},"8":{"start":{"line":35,"column":4},"end":{"line":35,"column":64}},"9":{"start":{"line":38,"column":15},"end":{"line":43,"column":3}},"10":{"start":{"line":39,"column":4},"end":{"line":42,"column":6}},"11":{"start":{"line":41,"column":21},"end":{"line":41,"column":45}},"12":{"start":{"line":45,"column":15},"end":{"line":55,"column":5}},"13":{"start":{"line":45,"column":23},"end":{"line":55,"column":5}},"14":{"start":{"line":51,"column":83},"end":{"line":51,"column":98}},"15":{"start":{"line":52,"column":39},"end":{"line":52,"column":52}},"16":{"start":{"line":58,"column":21},"end":{"line":58,"column":39}},"17":{"start":{"line":60,"column":4},"end":{"line":65,"column":6}},"18":{"start":{"line":69,"column":15},"end":{"line":79,"column":2}}},"fnMap":{"0":{"name":"(anonymous_0)","decl":{"start":{"line":13,"column":2},"end":{"line":13,"column":3}},"loc":{"start":{"line":13,"column":16},"end":{"line":15,"column":3}},"line":13},"1":{"name":"(anonymous_1)","decl":{"start":{"line":17,"column":2},"end":{"line":17,"column":3}},"loc":{"start":{"line":17,"column":22},"end":{"line":19,"column":3}},"line":17},"2":{"name":"(anonymous_2)","decl":{"start":{"line":21,"column":2},"end":{"line":21,"column":3}},"loc":{"start":{"line":21,"column":19},"end":{"line":30,"column":3}},"line":21},"3":{"name":"(anonymous_3)","decl":{"start":{"line":32,"column":2},"end":{"line":32,"column":3}},"loc":{"start":{"line":32,"column":24},"end":{"line":36,"column":3}},"line":32},"4":{"name":"(anonymous_4)","decl":{"start":{"line":38,"column":15},"end":{"line":38,"column":16}},"loc":{"start":{"line":39,"column":4},"end":{"line":42,"column":6}},"line":39},"5":{"name":"(anonymous_5)","decl":{"start":{"line":41,"column":15},"end":{"line":41,"column":16}},"loc":{"start":{"line":41,"column":21},"end":{"line":41,"column":45}},"line":41},"6":{"name":"(anonymous_6)","decl":{"start":{"line":45,"column":15},"end":{"line":45,"column":16}},"loc":{"start":{"line":45,"column":23},"end":{"line":55,"column":5}},"line":45},"7":{"name":"(anonymous_7)","decl":{"start":{"line":51,"column":77},"end":{"line":51,"column":78}},"loc":{"start":{"line":51,"column":83},"end":{"line":51,"column":98}},"line":51},"8":{"name":"(anonymous_8)","decl":{"start":{"line":52,"column":22},"end":{"line":52,"column":23}},"loc":{"start":{"line":52,"column":39},"end":{"line":52,"column":52}},"line":52},"9":{"name":"(anonymous_9)","decl":{"start":{"line":57,"column":2},"end":{"line":57,"column":3}},"loc":{"start":{"line":57,"column":11},"end":{"line":66,"column":3}},"line":57}},"branchMap":{"0":{"loc":{"start":{"line":14,"column":11},"end":{"line":14,"column":66}},"type":"binary-expr","locations":[{"start":{"line":14,"column":11},"end":{"line":14,"column":36}},{"start":{"line":14,"column":40},"end":{"line":14,"column":66}}],"line":14},"1":{"loc":{"start":{"line":33,"column":4},"end":{"line":33,"column":29}},"type":"if","locations":[{"start":{"line":33,"column":4},"end":{"line":33,"column":29}},{"start":{"line":33,"column":4},"end":{"line":33,"column":29}}],"line":33},"2":{"loc":{"start":{"line":45,"column":23},"end":{"line":55,"column":5}},"type":"cond-expr","locations":[{"start":{"line":46,"column":6},"end":{"line":46,"column":18}},{"start":{"line":48,"column":6},"end":{"line":54,"column":8}}],"line":45},"3":{"loc":{"start":{"line":45,"column":24},"end":{"line":45,"column":53}},"type":"binary-expr","locations":[{"start":{"line":45,"column":24},"end":{"line":45,"column":36}},{"start":{"line":45,"column":40},"end":{"line":45,"column":53}}],"line":45}},"s":{"0":0,"1":0,"2":0,"3":0,"4":0,"5":0,"6":0,"7":0,"8":0,"9":0,"10":0,"11":0,"12":0,"13":0,"14":0,"15":0,"16":0,"17":0,"18":0},"f":{"0":0,"1":0,"2":0,"3":0,"4":0,"5":0,"6":0,"7":0,"8":0,"9":0},"b":{"0":[0,0],"1":[0,0],"2":[0,0],"3":[0,0]}}
,"/Users/rotcax/Development/ether-wallet/src/components/widgets/index.js": {"path":"/Users/rotcax/Development/ether-wallet/src/components/widgets/index.js","statementMap":{},"fnMap":{},"branchMap":{},"s":{},"f":{},"b":{}}
,"/Users/rotcax/Development/ether-wallet/src/components/widgets/HeaderIcon/index.js": {"path":"/Users/rotcax/Development/ether-wallet/src/components/widgets/HeaderIcon/index.js","statementMap":{"0":{"start":{"line":6,"column":26},"end":{"line":12,"column":1}},"1":{"start":{"line":7,"column":2},"end":{"line":11,"column":21}},"2":{"start":{"line":14,"column":15},"end":{"line":18,"column":2}}},"fnMap":{"0":{"name":"(anonymous_0)","decl":{"start":{"line":6,"column":26},"end":{"line":6,"column":27}},"loc":{"start":{"line":7,"column":2},"end":{"line":11,"column":21}},"line":7}},"branchMap":{},"s":{"0":0,"1":0,"2":0},"f":{"0":0},"b":{}}
,"/Users/rotcax/Development/ether-wallet/src/components/widgets/Icon/index.js": {"path":"/Users/rotcax/Development/ether-wallet/src/components/widgets/Icon/index.js","statementMap":{"0":{"start":{"line":18,"column":16},"end":{"line":32,"column":1}},"1":{"start":{"line":19,"column":2},"end":{"line":19,"column":35}},"2":{"start":{"line":19,"column":23},"end":{"line":19,"column":35}},"3":{"start":{"line":21,"column":2},"end":{"line":31,"column":3}},"4":{"start":{"line":23,"column":4},"end":{"line":23,"column":34}},"5":{"start":{"line":26,"column":4},"end":{"line":26,"column":34}},"6":{"start":{"line":30,"column":4},"end":{"line":30,"column":35}},"7":{"start":{"line":34,"column":19},"end":{"line":37,"column":1}},"8":{"start":{"line":35,"column":2},"end":{"line":35,"column":64}},"9":{"start":{"line":36,"column":2},"end":{"line":36,"column":56}},"10":{"start":{"line":39,"column":20},"end":{"line":79,"column":1}},"11":{"start":{"line":40,"column":2},"end":{"line":40,"column":30}},"12":{"start":{"line":40,"column":18},"end":{"line":40,"column":30}},"13":{"start":{"line":41,"column":15},"end":{"line":41,"column":34}},"14":{"start":{"line":42,"column":16},"end":{"line":42,"column":43}},"15":{"start":{"line":44,"column":2},"end":{"line":78,"column":3}},"16":{"start":{"line":46,"column":4},"end":{"line":46,"column":58}},"17":{"start":{"line":49,"column":4},"end":{"line":49,"column":61}},"18":{"start":{"line":52,"column":4},"end":{"line":52,"column":59}},"19":{"start":{"line":55,"column":4},"end":{"line":55,"column":63}},"20":{"start":{"line":58,"column":4},"end":{"line":58,"column":62}},"21":{"start":{"line":61,"column":4},"end":{"line":61,"column":65}},"22":{"start":{"line":64,"column":4},"end":{"line":64,"column":74}},"23":{"start":{"line":67,"column":4},"end":{"line":67,"column":60}},"24":{"start":{"line":70,"column":4},"end":{"line":70,"column":58}},"25":{"start":{"line":73,"column":4},"end":{"line":73,"column":67}},"26":{"start":{"line":77,"column":4},"end":{"line":77,"column":49}}},"fnMap":{"0":{"name":"(anonymous_0)","decl":{"start":{"line":18,"column":16},"end":{"line":18,"column":17}},"loc":{"start":{"line":18,"column":24},"end":{"line":32,"column":1}},"line":18},"1":{"name":"(anonymous_1)","decl":{"start":{"line":34,"column":19},"end":{"line":34,"column":20}},"loc":{"start":{"line":34,"column":49},"end":{"line":37,"column":1}},"line":34},"2":{"name":"(anonymous_2)","decl":{"start":{"line":39,"column":20},"end":{"line":39,"column":21}},"loc":{"start":{"line":39,"column":29},"end":{"line":79,"column":1}},"line":39}},"branchMap":{"0":{"loc":{"start":{"line":19,"column":2},"end":{"line":19,"column":35}},"type":"if","locations":[{"start":{"line":19,"column":2},"end":{"line":19,"column":35}},{"start":{"line":19,"column":2},"end":{"line":19,"column":35}}],"line":19},"1":{"loc":{"start":{"line":21,"column":2},"end":{"line":31,"column":3}},"type":"switch","locations":[{"start":{"line":22,"column":4},"end":{"line":23,"column":34}},{"start":{"line":25,"column":4},"end":{"line":26,"column":34}},{"start":{"line":28,"column":4},"end":{"line":28,"column":18}},{"start":{"line":29,"column":4},"end":{"line":30,"column":35}}],"line":21},"2":{"loc":{"start":{"line":35,"column":9},"end":{"line":35,"column":63}},"type":"cond-expr","locations":[{"start":{"line":35,"column":35},"end":{"line":35,"column":48}},{"start":{"line":35,"column":51},"end":{"line":35,"column":63}}],"line":35},"3":{"loc":{"start":{"line":40,"column":2},"end":{"line":40,"column":30}},"type":"if","locations":[{"start":{"line":40,"column":2},"end":{"line":40,"column":30}},{"start":{"line":40,"column":2},"end":{"line":40,"column":30}}],"line":40},"4":{"loc":{"start":{"line":42,"column":16},"end":{"line":42,"column":43}},"type":"binary-expr","locations":[{"start":{"line":42,"column":16},"end":{"line":42,"column":27}},{"start":{"line":42,"column":31},"end":{"line":42,"column":43}}],"line":42},"5":{"loc":{"start":{"line":44,"column":2},"end":{"line":78,"column":3}},"type":"switch","locations":[{"start":{"line":45,"column":4},"end":{"line":46,"column":58}},{"start":{"line":48,"column":4},"end":{"line":49,"column":61}},{"start":{"line":51,"column":4},"end":{"line":52,"column":59}},{"start":{"line":54,"column":4},"end":{"line":55,"column":63}},{"start":{"line":57,"column":4},"end":{"line":58,"column":62}},{"start":{"line":60,"column":4},"end":{"line":61,"column":65}},{"start":{"line":63,"column":4},"end":{"line":64,"column":74}},{"start":{"line":66,"column":4},"end":{"line":67,"column":60}},{"start":{"line":69,"column":4},"end":{"line":70,"column":58}},{"start":{"line":72,"column":4},"end":{"line":73,"column":67}},{"start":{"line":75,"column":4},"end":{"line":75,"column":20}},{"start":{"line":76,"column":4},"end":{"line":77,"column":49}}],"line":44}},"s":{"0":0,"1":0,"2":0,"3":0,"4":0,"5":0,"6":0,"7":0,"8":0,"9":0,"10":0,"11":0,"12":0,"13":0,"14":0,"15":0,"16":0,"17":0,"18":0,"19":0,"20":0,"21":0,"22":0,"23":0,"24":0,"25":0,"26":0},"f":{"0":0,"1":0,"2":0},"b":{"0":[0,0],"1":[0,0,0,0],"2":[0,0],"3":[0,0],"4":[0,0],"5":[0,0,0,0,0,0,0,0,0,0,0,0]}}
}
